Arguments: 
  /usr/bin/node /usr/local/bin/yarn install node-fetch

PATH: 
  /usr/bin:/home/dirk/.platformsh/bin:/home/dirk/.nvm/versions/node/v16.15.1/bin:/home/dirk/.cargo/bin:/usr/local/sbin:/usr/local/bin:/usr/sbin:/usr/bin:/sbin:/bin:/usr/games:/usr/local/games:/snap/bin:/home/dirk/.local/share/JetBrains/Toolbox/scripts

Yarn version: 
  1.22.19

Node version: 
  18.13.0

Platform: 
  linux x64

Trace: 
  SyntaxError: /home/dirk/Websites/api-traefik/frontend/package.json: Unexpected end of JSON input
      at JSON.parse (<anonymous>)
      at /usr/local/lib/node_modules/yarn/lib/cli.js:1629:59
      at Generator.next (<anonymous>)
      at step (/usr/local/lib/node_modules/yarn/lib/cli.js:310:30)
      at /usr/local/lib/node_modules/yarn/lib/cli.js:321:13

npm manifest: 
  

yarn manifest: 
  No manifest

Lockfile: 
  No lockfile
